have_library: checking for CRYPTO_malloc() in -lcrypto... -------------------- yes

LD_LIBRARY_PATH=.:/home/ubuntu/.rbenv/versions/3.3.4/lib "gcc -o conftest -I/home/ubuntu/.rbenv/versions/3.3.4/include/ruby-3.3.0/x86_64-linux -I/home/ubuntu/.rbenv/versions/3.3.4/include/ruby-3.3.0/ruby/backward -I/home/ubuntu/.rbenv/versions/3.3.4/include/ruby-3.3.0 -I. -I/home/linuxbrew/.linuxbrew/opt/openssl@3/include    -O3 -fno-fast-math -ggdb3 -Wall -Wextra -Wdeprecated-declarations -Wdiv-by-zero -Wduplicated-cond -Wimplicit-function-declaration -Wimplicit-int -Wpointer-arith -Wwrite-strings -Wold-style-definition -Wimplicit-fallthrough=0 -Wmissing-noreturn -Wno-cast-function-type -Wno-constant-logical-operand -Wno-long-long -Wno-missing-field-initializers -Wno-overlength-strings -Wno-packed-bitfield-compat -Wno-parentheses-equality -Wno-self-assign -Wno-tautological-compare -Wno-unused-parameter -Wno-unused-value -Wsuggest-attribute=format -Wsuggest-attribute=noreturn -Wunused-variable -Wmisleading-indentation -Wundef  -fPIC -I /home/ubuntu/campsite/api/vendor/bundle/ruby/3.3.0/gems/trilogy-2.8.1/ext/trilogy-ruby/inc -std=gnu99 -fvisibility=hidden conftest.c  -L. -L/home/ubuntu/.rbenv/versions/3.3.4/lib -Wl,-rpath,/home/ubuntu/.rbenv/versions/3.3.4/lib -L/home/linuxbrew/.linuxbrew/opt/openssl@3/lib -Wl,-rpath,/home/linuxbrew/.linuxbrew/opt/openssl@3/lib -L. -fstack-protector-strong -rdynamic -Wl,-export-dynamic -Wl,--no-as-needed     -Wl,-rpath,/home/ubuntu/.rbenv/versions/3.3.4/lib -L/home/ubuntu/.rbenv/versions/3.3.4/lib -lruby  -lm -lpthread  -lc"
checked program was:
/* begin */
1: #include "ruby.h"
2: 
3: int main(int argc, char **argv)
4: {
5:   return !!argv[argc];
6: }
/* end */

LD_LIBRARY_PATH=.:/home/ubuntu/.rbenv/versions/3.3.4/lib "gcc -o conftest -I/home/ubuntu/.rbenv/versions/3.3.4/include/ruby-3.3.0/x86_64-linux -I/home/ubuntu/.rbenv/versions/3.3.4/include/ruby-3.3.0/ruby/backward -I/home/ubuntu/.rbenv/versions/3.3.4/include/ruby-3.3.0 -I. -I/home/linuxbrew/.linuxbrew/opt/openssl@3/include    -O3 -fno-fast-math -ggdb3 -Wall -Wextra -Wdeprecated-declarations -Wdiv-by-zero -Wduplicated-cond -Wimplicit-function-declaration -Wimplicit-int -Wpointer-arith -Wwrite-strings -Wold-style-definition -Wimplicit-fallthrough=0 -Wmissing-noreturn -Wno-cast-function-type -Wno-constant-logical-operand -Wno-long-long -Wno-missing-field-initializers -Wno-overlength-strings -Wno-packed-bitfield-compat -Wno-parentheses-equality -Wno-self-assign -Wno-tautological-compare -Wno-unused-parameter -Wno-unused-value -Wsuggest-attribute=format -Wsuggest-attribute=noreturn -Wunused-variable -Wmisleading-indentation -Wundef  -fPIC -I /home/ubuntu/campsite/api/vendor/bundle/ruby/3.3.0/gems/trilogy-2.8.1/ext/trilogy-ruby/inc -std=gnu99 -fvisibility=hidden conftest.c  -L. -L/home/ubuntu/.rbenv/versions/3.3.4/lib -Wl,-rpath,/home/ubuntu/.rbenv/versions/3.3.4/lib -L/home/linuxbrew/.linuxbrew/opt/openssl@3/lib -Wl,-rpath,/home/linuxbrew/.linuxbrew/opt/openssl@3/lib -L. -fstack-protector-strong -rdynamic -Wl,-export-dynamic -Wl,--no-as-needed     -Wl,-rpath,/home/ubuntu/.rbenv/versions/3.3.4/lib -L/home/ubuntu/.rbenv/versions/3.3.4/lib -lruby -lcrypto  -lm -lpthread  -lc"
conftest.c: In function ‘t’:
conftest.c:14:57: error: ‘CRYPTO_malloc’ undeclared (first use in this function)
   14 | int t(void) { void ((*volatile p)()); p = (void ((*)()))CRYPTO_malloc; return !p; }
      |                                                         ^~~~~~~~~~~~~
conftest.c:14:57: note: each undeclared identifier is reported only once for each function it appears in
At top level:
cc1: note: unrecognized command-line option ‘-Wno-self-assign’ may have been intended to silence earlier diagnostics
cc1: note: unrecognized command-line option ‘-Wno-parentheses-equality’ may have been intended to silence earlier diagnostics
cc1: note: unrecognized command-line option ‘-Wno-constant-logical-operand’ may have been intended to silence earlier diagnostics
checked program was:
/* begin */
 1: #include "ruby.h"
 2: 
 3: /*top*/
 4: extern int t(void);
 5: int main(int argc, char **argv)
 6: {
 7:   if (argc > 1000000) {
 8:     int (* volatile tp)(void)=(int (*)(void))&t;
 9:     printf("%d", (*tp)());
10:   }
11: 
12:   return !!argv[argc];
13: }
14: int t(void) { void ((*volatile p)()); p = (void ((*)()))CRYPTO_malloc; return !p; }
/* end */

LD_LIBRARY_PATH=.:/home/ubuntu/.rbenv/versions/3.3.4/lib "gcc -o conftest -I/home/ubuntu/.rbenv/versions/3.3.4/include/ruby-3.3.0/x86_64-linux -I/home/ubuntu/.rbenv/versions/3.3.4/include/ruby-3.3.0/ruby/backward -I/home/ubuntu/.rbenv/versions/3.3.4/include/ruby-3.3.0 -I. -I/home/linuxbrew/.linuxbrew/opt/openssl@3/include    -O3 -fno-fast-math -ggdb3 -Wall -Wextra -Wdeprecated-declarations -Wdiv-by-zero -Wduplicated-cond -Wimplicit-function-declaration -Wimplicit-int -Wpointer-arith -Wwrite-strings -Wold-style-definition -Wimplicit-fallthrough=0 -Wmissing-noreturn -Wno-cast-function-type -Wno-constant-logical-operand -Wno-long-long -Wno-missing-field-initializers -Wno-overlength-strings -Wno-packed-bitfield-compat -Wno-parentheses-equality -Wno-self-assign -Wno-tautological-compare -Wno-unused-parameter -Wno-unused-value -Wsuggest-attribute=format -Wsuggest-attribute=noreturn -Wunused-variable -Wmisleading-indentation -Wundef  -fPIC -I /home/ubuntu/campsite/api/vendor/bundle/ruby/3.3.0/gems/trilogy-2.8.1/ext/trilogy-ruby/inc -std=gnu99 -fvisibility=hidden conftest.c  -L. -L/home/ubuntu/.rbenv/versions/3.3.4/lib -Wl,-rpath,/home/ubuntu/.rbenv/versions/3.3.4/lib -L/home/linuxbrew/.linuxbrew/opt/openssl@3/lib -Wl,-rpath,/home/linuxbrew/.linuxbrew/opt/openssl@3/lib -L. -fstack-protector-strong -rdynamic -Wl,-export-dynamic -Wl,--no-as-needed     -Wl,-rpath,/home/ubuntu/.rbenv/versions/3.3.4/lib -L/home/ubuntu/.rbenv/versions/3.3.4/lib -lruby -lcrypto  -lm -lpthread  -lc"
checked program was:
/* begin */
 1: #include "ruby.h"
 2: 
 3: /*top*/
 4: extern int t(void);
 5: int main(int argc, char **argv)
 6: {
 7:   if (argc > 1000000) {
 8:     int (* volatile tp)(void)=(int (*)(void))&t;
 9:     printf("%d", (*tp)());
10:   }
11: 
12:   return !!argv[argc];
13: }
14: extern void CRYPTO_malloc();
15: int t(void) { CRYPTO_malloc(); return 0; }
/* end */

--------------------

have_library: checking for SSL_new() in -lssl... -------------------- yes

LD_LIBRARY_PATH=.:/home/ubuntu/.rbenv/versions/3.3.4/lib "gcc -o conftest -I/home/ubuntu/.rbenv/versions/3.3.4/include/ruby-3.3.0/x86_64-linux -I/home/ubuntu/.rbenv/versions/3.3.4/include/ruby-3.3.0/ruby/backward -I/home/ubuntu/.rbenv/versions/3.3.4/include/ruby-3.3.0 -I. -I/home/linuxbrew/.linuxbrew/opt/openssl@3/include    -O3 -fno-fast-math -ggdb3 -Wall -Wextra -Wdeprecated-declarations -Wdiv-by-zero -Wduplicated-cond -Wimplicit-function-declaration -Wimplicit-int -Wpointer-arith -Wwrite-strings -Wold-style-definition -Wimplicit-fallthrough=0 -Wmissing-noreturn -Wno-cast-function-type -Wno-constant-logical-operand -Wno-long-long -Wno-missing-field-initializers -Wno-overlength-strings -Wno-packed-bitfield-compat -Wno-parentheses-equality -Wno-self-assign -Wno-tautological-compare -Wno-unused-parameter -Wno-unused-value -Wsuggest-attribute=format -Wsuggest-attribute=noreturn -Wunused-variable -Wmisleading-indentation -Wundef  -fPIC -I /home/ubuntu/campsite/api/vendor/bundle/ruby/3.3.0/gems/trilogy-2.8.1/ext/trilogy-ruby/inc -std=gnu99 -fvisibility=hidden conftest.c  -L. -L/home/ubuntu/.rbenv/versions/3.3.4/lib -Wl,-rpath,/home/ubuntu/.rbenv/versions/3.3.4/lib -L/home/linuxbrew/.linuxbrew/opt/openssl@3/lib -Wl,-rpath,/home/linuxbrew/.linuxbrew/opt/openssl@3/lib -L. -fstack-protector-strong -rdynamic -Wl,-export-dynamic -Wl,--no-as-needed    -lcrypto  -Wl,-rpath,/home/ubuntu/.rbenv/versions/3.3.4/lib -L/home/ubuntu/.rbenv/versions/3.3.4/lib -lruby -lssl -lcrypto  -lm -lpthread  -lc"
conftest.c: In function ‘t’:
conftest.c:14:57: error: ‘SSL_new’ undeclared (first use in this function)
   14 | int t(void) { void ((*volatile p)()); p = (void ((*)()))SSL_new; return !p; }
      |                                                         ^~~~~~~
conftest.c:14:57: note: each undeclared identifier is reported only once for each function it appears in
At top level:
cc1: note: unrecognized command-line option ‘-Wno-self-assign’ may have been intended to silence earlier diagnostics
cc1: note: unrecognized command-line option ‘-Wno-parentheses-equality’ may have been intended to silence earlier diagnostics
cc1: note: unrecognized command-line option ‘-Wno-constant-logical-operand’ may have been intended to silence earlier diagnostics
checked program was:
/* begin */
 1: #include "ruby.h"
 2: 
 3: /*top*/
 4: extern int t(void);
 5: int main(int argc, char **argv)
 6: {
 7:   if (argc > 1000000) {
 8:     int (* volatile tp)(void)=(int (*)(void))&t;
 9:     printf("%d", (*tp)());
10:   }
11: 
12:   return !!argv[argc];
13: }
14: int t(void) { void ((*volatile p)()); p = (void ((*)()))SSL_new; return !p; }
/* end */

LD_LIBRARY_PATH=.:/home/ubuntu/.rbenv/versions/3.3.4/lib "gcc -o conftest -I/home/ubuntu/.rbenv/versions/3.3.4/include/ruby-3.3.0/x86_64-linux -I/home/ubuntu/.rbenv/versions/3.3.4/include/ruby-3.3.0/ruby/backward -I/home/ubuntu/.rbenv/versions/3.3.4/include/ruby-3.3.0 -I. -I/home/linuxbrew/.linuxbrew/opt/openssl@3/include    -O3 -fno-fast-math -ggdb3 -Wall -Wextra -Wdeprecated-declarations -Wdiv-by-zero -Wduplicated-cond -Wimplicit-function-declaration -Wimplicit-int -Wpointer-arith -Wwrite-strings -Wold-style-definition -Wimplicit-fallthrough=0 -Wmissing-noreturn -Wno-cast-function-type -Wno-constant-logical-operand -Wno-long-long -Wno-missing-field-initializers -Wno-overlength-strings -Wno-packed-bitfield-compat -Wno-parentheses-equality -Wno-self-assign -Wno-tautological-compare -Wno-unused-parameter -Wno-unused-value -Wsuggest-attribute=format -Wsuggest-attribute=noreturn -Wunused-variable -Wmisleading-indentation -Wundef  -fPIC -I /home/ubuntu/campsite/api/vendor/bundle/ruby/3.3.0/gems/trilogy-2.8.1/ext/trilogy-ruby/inc -std=gnu99 -fvisibility=hidden conftest.c  -L. -L/home/ubuntu/.rbenv/versions/3.3.4/lib -Wl,-rpath,/home/ubuntu/.rbenv/versions/3.3.4/lib -L/home/linuxbrew/.linuxbrew/opt/openssl@3/lib -Wl,-rpath,/home/linuxbrew/.linuxbrew/opt/openssl@3/lib -L. -fstack-protector-strong -rdynamic -Wl,-export-dynamic -Wl,--no-as-needed    -lcrypto  -Wl,-rpath,/home/ubuntu/.rbenv/versions/3.3.4/lib -L/home/ubuntu/.rbenv/versions/3.3.4/lib -lruby -lssl -lcrypto  -lm -lpthread  -lc"
checked program was:
/* begin */
 1: #include "ruby.h"
 2: 
 3: /*top*/
 4: extern int t(void);
 5: int main(int argc, char **argv)
 6: {
 7:   if (argc > 1000000) {
 8:     int (* volatile tp)(void)=(int (*)(void))&t;
 9:     printf("%d", (*tp)());
10:   }
11: 
12:   return !!argv[argc];
13: }
14: extern void SSL_new();
15: int t(void) { SSL_new(); return 0; }
/* end */

--------------------

have_func: checking for rb_interned_str() in ruby.h... -------------------- yes

LD_LIBRARY_PATH=.:/home/ubuntu/.rbenv/versions/3.3.4/lib "gcc -o conftest -I/home/ubuntu/.rbenv/versions/3.3.4/include/ruby-3.3.0/x86_64-linux -I/home/ubuntu/.rbenv/versions/3.3.4/include/ruby-3.3.0/ruby/backward -I/home/ubuntu/.rbenv/versions/3.3.4/include/ruby-3.3.0 -I. -I/home/linuxbrew/.linuxbrew/opt/openssl@3/include    -O3 -fno-fast-math -ggdb3 -Wall -Wextra -Wdeprecated-declarations -Wdiv-by-zero -Wduplicated-cond -Wimplicit-function-declaration -Wimplicit-int -Wpointer-arith -Wwrite-strings -Wold-style-definition -Wimplicit-fallthrough=0 -Wmissing-noreturn -Wno-cast-function-type -Wno-constant-logical-operand -Wno-long-long -Wno-missing-field-initializers -Wno-overlength-strings -Wno-packed-bitfield-compat -Wno-parentheses-equality -Wno-self-assign -Wno-tautological-compare -Wno-unused-parameter -Wno-unused-value -Wsuggest-attribute=format -Wsuggest-attribute=noreturn -Wunused-variable -Wmisleading-indentation -Wundef  -fPIC -I /home/ubuntu/campsite/api/vendor/bundle/ruby/3.3.0/gems/trilogy-2.8.1/ext/trilogy-ruby/inc -std=gnu99 -fvisibility=hidden conftest.c  -L. -L/home/ubuntu/.rbenv/versions/3.3.4/lib -Wl,-rpath,/home/ubuntu/.rbenv/versions/3.3.4/lib -L/home/linuxbrew/.linuxbrew/opt/openssl@3/lib -Wl,-rpath,/home/linuxbrew/.linuxbrew/opt/openssl@3/lib -L. -fstack-protector-strong -rdynamic -Wl,-export-dynamic -Wl,--no-as-needed    -lssl -lcrypto  -Wl,-rpath,/home/ubuntu/.rbenv/versions/3.3.4/lib -L/home/ubuntu/.rbenv/versions/3.3.4/lib -lruby -lssl -lcrypto  -lm -lpthread  -lc"
checked program was:
/* begin */
 1: #include "ruby.h"
 2: 
 3: #include <ruby.h>
 4: 
 5: /*top*/
 6: extern int t(void);
 7: int main(int argc, char **argv)
 8: {
 9:   if (argc > 1000000) {
10:     int (* volatile tp)(void)=(int (*)(void))&t;
11:     printf("%d", (*tp)());
12:   }
13: 
14:   return !!argv[argc];
15: }
16: int t(void) { void ((*volatile p)()); p = (void ((*)()))rb_interned_str; return !p; }
/* end */

--------------------

